<?xml version="1.0" encoding="UTF-8"?>
<!-- Generated by org.testng.reporters.JUnitReportReporter -->
<testsuite hostname="DESKTOP-ONP7J23" failures="0" tests="2" name="Capstone.FinalProject.TestCase2" time="134.611" errors="0" timestamp="2023-06-22T18:18:39 IST" skipped="0">
  <testcase classname="Capstone.FinalProject.TestCase2" name="scenarioDemo2" time="9.960"/>
  <testcase classname="Capstone.FinalProject.TestCase2" name="scenarioDemo2" time="124.651"/>
</testsuite> <!-- Capstone.FinalProject.TestCase2 -->
