<?xml version="1.0" encoding="UTF-8"?>
<!-- Generated by org.testng.reporters.JUnitReportReporter -->
<testsuite hostname="DESKTOP-ONP7J23" failures="0" tests="2" name="Capstone.FinalProject.TestCase3" time="11.750" errors="0" timestamp="2023-06-22T18:18:39 IST" skipped="0">
  <testcase classname="Capstone.FinalProject.TestCase3" name="scenarioDemo3" time="5.828"/>
  <testcase classname="Capstone.FinalProject.TestCase3" name="scenarioDemo3" time="5.922"/>
</testsuite> <!-- Capstone.FinalProject.TestCase3 -->
