<?xml version="1.0" encoding="UTF-8"?>
<!-- Generated by org.testng.reporters.JUnitReportReporter -->
<testsuite hostname="DESKTOP-ONP7J23" failures="0" tests="2" name="Capstone.FinalProject.TestCase2" time="31.255" errors="0" timestamp="2023-06-22T18:46:29 IST" skipped="0">
  <testcase classname="Capstone.FinalProject.TestCase2" name="scenarioDemo2" time="20.197"/>
  <testcase classname="Capstone.FinalProject.TestCase2" name="scenarioDemo2" time="11.058"/>
</testsuite> <!-- Capstone.FinalProject.TestCase2 -->
