<?xml version="1.0" encoding="UTF-8"?>
<!-- Generated by org.testng.reporters.JUnitReportReporter -->
<testsuite hostname="DESKTOP-ONP7J23" failures="0" tests="2" name="Capstone.FinalProject.TestCase3" time="12.632" errors="0" timestamp="2023-06-22T18:46:29 IST" skipped="0">
  <testcase classname="Capstone.FinalProject.TestCase3" name="scenarioDemo3" time="5.456"/>
  <testcase classname="Capstone.FinalProject.TestCase3" name="scenarioDemo3" time="7.176"/>
</testsuite> <!-- Capstone.FinalProject.TestCase3 -->
